[20Jun2025 00:00:01.074] [Server thread/INFO] [net.minecraft.server.players.PlayerList/]: BatmanGordo1[/127.3.178.96:38571] logged in with entity id 126665 at (127.48323820821997, 63.0, -2180.998362721272)
[20Jun2025 00:00:01.079] [Server thread/INFO] [net.minecraft.server.MinecraftServer/]: BatmanGordo1 joined the game
[20Jun2025 00:00:01.518] [Netty Epoll Server IO #6/INFO] [simplelogin/]: Player batmangordo1 has successfully logged in.
[20Jun2025 00:00:31.157] [Server thread/INFO] [net.minecraft.server.network.ServerGamePacketListenerImpl/]: BatmanGordo1 lost connection: Timed out
[20Jun2025 00:00:31.157] [Server thread/INFO] [net.minecraft.server.MinecraftServer/]: BatmanGordo1 left the game
[20Jun2025 00:00:34.956] [Server thread/INFO] [com.lothrazar.simpletomb.ModTomb/]: 0 result 0 air
[20Jun2025 00:01:15.910] [Server thread/INFO] [net.minecraft.server.players.PlayerList/]: BatmanGordo1[/127.3.178.96:51295] logged in with entity id 127434 at (127.48323820821997, 63.0, -2180.998362721272)
[20Jun2025 00:01:15.913] [Server thread/INFO] [net.minecraft.server.MinecraftServer/]: BatmanGordo1 joined the game
[20Jun2025 00:01:16.336] [Netty Epoll Server IO #1/INFO] [simplelogin/]: Player batmangordo1 has successfully logged in.
[20Jun2025 00:01:30.075] [Server thread/WARN] [net.minecraft.server.network.ServerGamePacketListenerImpl/]: BatmanGordo1 moved too quickly! -6.785654169258038,2.249187078744683,-7.0296116184822495
[20Jun2025 00:01:46.012] [Server thread/INFO] [net.minecraft.server.network.ServerGamePacketListenerImpl/]: BatmanGordo1 lost connection: Timed out
[20Jun2025 00:01:46.012] [Server thread/INFO] [net.minecraft.server.MinecraftServer/]: BatmanGordo1 left the game
[20Jun2025 00:03:23.363] [Server thread/INFO] [net.minecraft.server.MinecraftServer/]: [Not Secure] <rotto123> zz
[20Jun2025 00:03:23.458] [Server thread/INFO] [net.minecraft.server.MinecraftServer/]: [Not Secure] <rotto123> z
[20Jun2025 00:03:23.609] [Server thread/INFO] [net.minecraft.server.MinecraftServer/]: [Not Secure] <rotto123> z
[20Jun2025 00:03:23.908] [Server thread/INFO] [net.minecraft.server.MinecraftServer/]: [Not Secure] <rotto123> zz
[20Jun2025 00:03:38.410] [Server thread/INFO] [net.minecraft.server.MinecraftServer/]: [Not Secure] <Pradolf56> vengan al negger
[20Jun2025 00:03:41.913] [Server thread/INFO] [net.minecraft.server.MinecraftServer/]: [Not Secure] <Pradolf56> con oro
[20Jun2025 00:03:45.975] [Server thread/INFO] [net.minecraft.server.MinecraftServer/]: [Not Secure] <Pradolf56> con armadura de oro
[20Jun2025 00:04:33.055] [Server thread/INFO] [net.minecraft.server.MinecraftServer/]: [Not Secure] <Pradolf56> hay una gordis truquis en el nether
[20Jun2025 00:04:47.605] [Server thread/INFO] [net.minecraft.server.MinecraftServer/]: [Not Secure] <Pradolf56> que venga galactus y se la coma a la planeta viviente
[20Jun2025 00:05:09.471] [Server thread/INFO] [net.minecraft.server.MinecraftServer/]: [Not Secure] <rotto123> ME HICE 48 ESCALERAS SIN QUERER
[20Jun2025 00:06:40.394] [Server thread/INFO] [net.minecraft.server.MinecraftServer/]: rotto123 was slain by Imp Guard
[20Jun2025 00:06:40.395] [Server thread/INFO] [com.lothrazar.simpletomb.ModTomb/]: simpletomb.message.new_grave(288, 64, -2120) minecraft:overworld
[20Jun2025 00:06:50.115] [Server thread/INFO] [net.minecraft.server.MinecraftServer/]: [Not Secure] <benjamon> XDD
[20Jun2025 00:07:24.194] [Server thread/INFO] [net.minecraft.server.MinecraftServer/]: [Not Secure] <Pradolf56> la fuckin gorda
[20Jun2025 00:10:19.599] [Server thread/INFO] [net.minecraft.server.MinecraftServer/]: [Not Secure] <benjamon> ESO TE DA MAS CORAZONES
[20Jun2025 00:10:24.277] [Server thread/INFO] [net.minecraft.server.MinecraftServer/]: [Not Secure] <Pradolf56> sis
[20Jun2025 00:11:46.224] [Server thread/INFO] [net.minecraft.server.MinecraftServer/]: [Not Secure] <Pradolf56> tienen hierro?
[20Jun2025 00:12:00.099] [Server thread/INFO] [net.minecraft.server.MinecraftServer/]: [Not Secure] <rotto123> nel
[20Jun2025 00:12:04.797] [Server thread/INFO] [net.minecraft.server.MinecraftServer/]: [Not Secure] <Pradolf56> uis
[20Jun2025 00:14:44.072] [Server thread/INFO] [net.minecraft.server.MinecraftServer/]: [Not Secure] <rotto123> zzz
[20Jun2025 00:14:44.260] [Server thread/INFO] [net.minecraft.server.MinecraftServer/]: [Not Secure] <rotto123> z
[20Jun2025 00:14:44.450] [Server thread/INFO] [net.minecraft.server.MinecraftServer/]: [Not Secure] <rotto123> z
[20Jun2025 00:14:44.560] [Server thread/INFO] [net.minecraft.server.MinecraftServer/]: [Not Secure] <rotto123> z
[20Jun2025 00:14:44.876] [Server thread/INFO] [net.minecraft.server.MinecraftServer/]: [Not Secure] <rotto123> z
[20Jun2025 00:14:45.000] [Server thread/INFO] [net.minecraft.server.MinecraftServer/]: [Not Secure] <rotto123> z
[20Jun2025 00:14:45.129] [Server thread/INFO] [net.minecraft.server.MinecraftServer/]: [Not Secure] <rotto123> z
[20Jun2025 00:14:45.903] [Server thread/INFO] [net.minecraft.server.MinecraftServer/]: [Not Secure] <rotto123> z
[20Jun2025 00:14:46.079] [Server thread/INFO] [net.minecraft.server.MinecraftServer/]: [Not Secure] <rotto123> z
[20Jun2025 00:14:52.371] [Server thread/INFO] [net.minecraft.server.MinecraftServer/]: [Not Secure] <rotto123> zz
